Compiling the C compiler identification source file "CMakeCCompilerId.c" failed.
Compiler: C:/Program Files (x86)/Microsoft Azure Sphere SDK/Sysroots/3/tools/gcc/arm-poky-linux-musleabi-gcc.exe 
Build flags: 
Id flags:  

The output was:
1
cc1: error: no include path in which to search for stdc-predef.h


Compiling the C compiler identification source file "CMakeCCompilerId.c" failed.
Compiler: C:/Program Files (x86)/Microsoft Azure Sphere SDK/Sysroots/3/tools/gcc/arm-poky-linux-musleabi-gcc.exe 
Build flags: 
Id flags: -c 

The output was:
1
cc1: error: no include path in which to search for stdc-predef.h


Compiling the C compiler identification source file "CMakeCCompilerId.c" failed.
Compiler: C:/Program Files (x86)/Microsoft Azure Sphere SDK/Sysroots/3/tools/gcc/arm-poky-linux-musleabi-gcc.exe 
Build flags: 
Id flags: -Aa 

The output was:
1
<command-line>: error: missing '(' after predicate
cc1: error: no include path in which to search for stdc-predef.h


Compiling the C compiler identification source file "CMakeCCompilerId.c" failed.
Compiler: C:/Program Files (x86)/Microsoft Azure Sphere SDK/Sysroots/3/tools/gcc/arm-poky-linux-musleabi-gcc.exe 
Build flags: 
Id flags: -D__CLASSIC_C__ 

The output was:
1
cc1: error: no include path in which to search for stdc-predef.h


Compiling the C compiler identification source file "CMakeCCompilerId.c" failed.
Compiler: C:/Program Files (x86)/Microsoft Azure Sphere SDK/Sysroots/3/tools/gcc/arm-poky-linux-musleabi-gcc.exe 
Build flags: 
Id flags:  

The output was:
1
cc1: error: no include path in which to search for stdc-predef.h


Compiling the C compiler identification source file "CMakeCCompilerId.c" failed.
Compiler: C:/Program Files (x86)/Microsoft Azure Sphere SDK/Sysroots/3/tools/gcc/arm-poky-linux-musleabi-gcc.exe 
Build flags: 
Id flags: -c 

The output was:
1
cc1: error: no include path in which to search for stdc-predef.h


Compiling the C compiler identification source file "CMakeCCompilerId.c" failed.
Compiler: C:/Program Files (x86)/Microsoft Azure Sphere SDK/Sysroots/3/tools/gcc/arm-poky-linux-musleabi-gcc.exe 
Build flags: 
Id flags: -Aa 

The output was:
1
<command-line>: error: missing '(' after predicate
cc1: error: no include path in which to search for stdc-predef.h


Compiling the C compiler identification source file "CMakeCCompilerId.c" failed.
Compiler: C:/Program Files (x86)/Microsoft Azure Sphere SDK/Sysroots/3/tools/gcc/arm-poky-linux-musleabi-gcc.exe 
Build flags: 
Id flags: -D__CLASSIC_C__ 

The output was:
1
cc1: error: no include path in which to search for stdc-predef.h


Checking whether the C compiler is IAR using "" did not match "IAR .+ Compiler":
arm-poky-linux-musleabi-gcc.exe: fatal error: no input files
compilation terminated.
Checking whether the C compiler is IAR using "" did not match "IAR .+ Compiler":
arm-poky-linux-musleabi-gcc.exe: fatal error: no input files
compilation terminated.
